C:\USERS\HUGOS\UFOP\TEMPO REAL\TEMPLATE_BOMBERMAN\TEMPLATE_NOVO\EVALBOARDS\MICROSOFT\WINDOWS\VISUAL STUDIO 2010\WIN32GUIAPP\GUIAPP\DEBUG\APP.OBJ
C:\USERS\HUGOS\UFOP\TEMPO REAL\TEMPLATE_BOMBERMAN\TEMPLATE_NOVO\EVALBOARDS\MICROSOFT\WINDOWS\VISUAL STUDIO 2010\WIN32GUIAPP\GUIAPP\DEBUG\FS_APP.OBJ
C:\USERS\HUGOS\UFOP\TEMPO REAL\TEMPLATE_BOMBERMAN\TEMPLATE_NOVO\EVALBOARDS\MICROSOFT\WINDOWS\VISUAL STUDIO 2010\WIN32GUIAPP\GUIAPP\DEBUG\GUI.OBJ
C:\USERS\HUGOS\UFOP\TEMPO REAL\TEMPLATE_BOMBERMAN\TEMPLATE_NOVO\EVALBOARDS\MICROSOFT\WINDOWS\VISUAL STUDIO 2010\WIN32GUIAPP\GUIAPP\DEBUG\VC110.PDB
C:\USERS\HUGOS\UFOP\TEMPO REAL\TEMPLATE_BOMBERMAN\TEMPLATE_NOVO\EVALBOARDS\MICROSOFT\WINDOWS\VISUAL STUDIO 2010\WIN32GUIAPP\GUIAPP\DEBUG\GUIAPP.ILK
C:\USERS\HUGOS\UFOP\TEMPO REAL\TEMPLATE_BOMBERMAN\TEMPLATE_NOVO\EVALBOARDS\MICROSOFT\WINDOWS\VISUAL STUDIO 2010\WIN32GUIAPP\GUIAPP\DEBUG\GUIAPP.EXE
C:\USERS\HUGOS\UFOP\TEMPO REAL\TEMPLATE_BOMBERMAN\TEMPLATE_NOVO\EVALBOARDS\MICROSOFT\WINDOWS\VISUAL STUDIO 2010\WIN32GUIAPP\GUIAPP\DEBUG\GUIAPP.PDB
C:\Users\HugoS\UFOP\Tempo Real\template_bomberman\template_novo\evalboards\microsoft\windows\visual studio 2010\win32guiapp\GuiApp\Debug\app.obj
C:\Users\HugoS\UFOP\Tempo Real\template_bomberman\template_novo\evalboards\microsoft\windows\visual studio 2010\win32guiapp\GuiApp\Debug\fs_app.obj
C:\Users\HugoS\UFOP\Tempo Real\template_bomberman\template_novo\evalboards\microsoft\windows\visual studio 2010\win32guiapp\GuiApp\Debug\gui.obj
C:\Users\HugoS\UFOP\Tempo Real\template_bomberman\template_novo\evalboards\microsoft\windows\visual studio 2010\win32guiapp\GuiApp\Debug\GuiApp.ilk
C:\Users\HugoS\UFOP\Tempo Real\template_bomberman\template_novo\evalboards\microsoft\windows\visual studio 2010\win32guiapp\GuiApp\Debug\cl.command.1.tlog
C:\Users\HugoS\UFOP\Tempo Real\template_bomberman\template_novo\evalboards\microsoft\windows\visual studio 2010\win32guiapp\GuiApp\Debug\CL.read.1.tlog
C:\Users\HugoS\UFOP\Tempo Real\template_bomberman\template_novo\evalboards\microsoft\windows\visual studio 2010\win32guiapp\GuiApp\Debug\CL.write.1.tlog
C:\Users\HugoS\UFOP\Tempo Real\template_bomberman\template_novo\evalboards\microsoft\windows\visual studio 2010\win32guiapp\GuiApp\Debug\link-cvtres.read.1.tlog
C:\Users\HugoS\UFOP\Tempo Real\template_bomberman\template_novo\evalboards\microsoft\windows\visual studio 2010\win32guiapp\GuiApp\Debug\link-cvtres.write.1.tlog
C:\Users\HugoS\UFOP\Tempo Real\template_bomberman\template_novo\evalboards\microsoft\windows\visual studio 2010\win32guiapp\GuiApp\Debug\link-rc.read.1.tlog
C:\Users\HugoS\UFOP\Tempo Real\template_bomberman\template_novo\evalboards\microsoft\windows\visual studio 2010\win32guiapp\GuiApp\Debug\link-rc.write.1.tlog
C:\Users\HugoS\UFOP\Tempo Real\template_bomberman\template_novo\evalboards\microsoft\windows\visual studio 2010\win32guiapp\GuiApp\Debug\link.13960-cvtres.read.1.tlog
C:\Users\HugoS\UFOP\Tempo Real\template_bomberman\template_novo\evalboards\microsoft\windows\visual studio 2010\win32guiapp\GuiApp\Debug\link.13960-cvtres.write.1.tlog
C:\Users\HugoS\UFOP\Tempo Real\template_bomberman\template_novo\evalboards\microsoft\windows\visual studio 2010\win32guiapp\GuiApp\Debug\link.13960-rc.read.1.tlog
C:\Users\HugoS\UFOP\Tempo Real\template_bomberman\template_novo\evalboards\microsoft\windows\visual studio 2010\win32guiapp\GuiApp\Debug\link.13960-rc.write.1.tlog
C:\Users\HugoS\UFOP\Tempo Real\template_bomberman\template_novo\evalboards\microsoft\windows\visual studio 2010\win32guiapp\GuiApp\Debug\link.13960.read.1.tlog
C:\Users\HugoS\UFOP\Tempo Real\template_bomberman\template_novo\evalboards\microsoft\windows\visual studio 2010\win32guiapp\GuiApp\Debug\link.13960.read.2.tlog
C:\Users\HugoS\UFOP\Tempo Real\template_bomberman\template_novo\evalboards\microsoft\windows\visual studio 2010\win32guiapp\GuiApp\Debug\link.13960.write.1.tlog
C:\Users\HugoS\UFOP\Tempo Real\template_bomberman\template_novo\evalboards\microsoft\windows\visual studio 2010\win32guiapp\GuiApp\Debug\link.14552-cvtres.read.1.tlog
C:\Users\HugoS\UFOP\Tempo Real\template_bomberman\template_novo\evalboards\microsoft\windows\visual studio 2010\win32guiapp\GuiApp\Debug\link.14552-cvtres.write.1.tlog
C:\Users\HugoS\UFOP\Tempo Real\template_bomberman\template_novo\evalboards\microsoft\windows\visual studio 2010\win32guiapp\GuiApp\Debug\link.14552-rc.read.1.tlog
C:\Users\HugoS\UFOP\Tempo Real\template_bomberman\template_novo\evalboards\microsoft\windows\visual studio 2010\win32guiapp\GuiApp\Debug\link.14552-rc.write.1.tlog
C:\Users\HugoS\UFOP\Tempo Real\template_bomberman\template_novo\evalboards\microsoft\windows\visual studio 2010\win32guiapp\GuiApp\Debug\link.14552.read.1.tlog
C:\Users\HugoS\UFOP\Tempo Real\template_bomberman\template_novo\evalboards\microsoft\windows\visual studio 2010\win32guiapp\GuiApp\Debug\link.14552.read.2.tlog
C:\Users\HugoS\UFOP\Tempo Real\template_bomberman\template_novo\evalboards\microsoft\windows\visual studio 2010\win32guiapp\GuiApp\Debug\link.14552.write.1.tlog
C:\Users\HugoS\UFOP\Tempo Real\template_bomberman\template_novo\evalboards\microsoft\windows\visual studio 2010\win32guiapp\GuiApp\Debug\link.576-cvtres.read.1.tlog
C:\Users\HugoS\UFOP\Tempo Real\template_bomberman\template_novo\evalboards\microsoft\windows\visual studio 2010\win32guiapp\GuiApp\Debug\link.576-cvtres.write.1.tlog
C:\Users\HugoS\UFOP\Tempo Real\template_bomberman\template_novo\evalboards\microsoft\windows\visual studio 2010\win32guiapp\GuiApp\Debug\link.576-rc.read.1.tlog
C:\Users\HugoS\UFOP\Tempo Real\template_bomberman\template_novo\evalboards\microsoft\windows\visual studio 2010\win32guiapp\GuiApp\Debug\link.576-rc.write.1.tlog
C:\Users\HugoS\UFOP\Tempo Real\template_bomberman\template_novo\evalboards\microsoft\windows\visual studio 2010\win32guiapp\GuiApp\Debug\link.576.read.1.tlog
C:\Users\HugoS\UFOP\Tempo Real\template_bomberman\template_novo\evalboards\microsoft\windows\visual studio 2010\win32guiapp\GuiApp\Debug\link.576.read.2.tlog
C:\Users\HugoS\UFOP\Tempo Real\template_bomberman\template_novo\evalboards\microsoft\windows\visual studio 2010\win32guiapp\GuiApp\Debug\link.576.write.1.tlog
C:\Users\HugoS\UFOP\Tempo Real\template_bomberman\template_novo\evalboards\microsoft\windows\visual studio 2010\win32guiapp\GuiApp\Debug\link.command.1.tlog
C:\Users\HugoS\UFOP\Tempo Real\template_bomberman\template_novo\evalboards\microsoft\windows\visual studio 2010\win32guiapp\GuiApp\Debug\link.read.1.tlog
C:\Users\HugoS\UFOP\Tempo Real\template_bomberman\template_novo\evalboards\microsoft\windows\visual studio 2010\win32guiapp\GuiApp\Debug\link.read.2.tlog
C:\Users\HugoS\UFOP\Tempo Real\template_bomberman\template_novo\evalboards\microsoft\windows\visual studio 2010\win32guiapp\GuiApp\Debug\link.write.1.tlog
C:\Users\HugoS\UFOP\Tempo Real\template_bomberman\template_novo\evalboards\microsoft\windows\visual studio 2010\win32guiapp\GuiApp\Debug\vc110.idb
C:\Users\HugoS\UFOP\Tempo Real\template_bomberman\template_novo\evalboards\microsoft\windows\visual studio 2010\win32guiapp\GuiApp\Debug\GuiApp.pdb
C:\Users\HugoS\UFOP\Tempo Real\template_bomberman\template_novo\evalboards\microsoft\windows\visual studio 2010\win32guiapp\GuiApp\Debug\vc110.pdb
C:\Users\HugoS\UFOP\Tempo Real\template_bomberman\template_novo\evalboards\microsoft\windows\visual studio 2010\win32guiapp\GuiApp\Debug\GuiApp.exe
